<?xml version="1.0" encoding="UTF-8"?>
<robot generator="Robot 7.4.1 (Python 3.12.4 on win32)" generated="2026-02-16T17:00:33.987924" rpa="false" schemaversion="5">
<suite id="s1" name="Order Tests" source="C:\Users\Admin\Desktop\Wipro_Group5_Project-main\Foodie_App\tests\robot\order_tests.robot">
<kw name="Create API Session" owner="keywords" type="SETUP">
<kw name="Create Session" owner="RequestsLibrary">
<msg time="2026-02-16T17:00:34.342902" level="INFO">Creating Session using : alias=foodie, url=http://127.0.0.1:5000, headers={},                     cookies={}, auth=None, timeout=None, proxies=None, verify=False,                     debug=0 </msg>
<arg>${SESSION}</arg>
<arg>${BASE_URL}</arg>
<doc>Create Session: create a HTTP session to a server</doc>
<status status="PASS" start="2026-02-16T17:00:34.341883" elapsed="0.001019"/>
</kw>
<status status="PASS" start="2026-02-16T17:00:34.340356" elapsed="0.002546"/>
</kw>
<test id="s1-t1" name="Complete Order Flow" line="7">
<kw name="Create Dictionary" owner="BuiltIn">
<msg time="2026-02-16T17:00:34.343902" level="INFO">${restaurant} = {'name': 'FlowResto', 'category': 'Indian', 'location': 'Hyderabad', 'contact': '9999999999'}</msg>
<var>${restaurant}</var>
<arg>name=FlowResto</arg>
<arg>category=Indian</arg>
<arg>location=Hyderabad</arg>
<arg>contact=9999999999</arg>
<doc>Creates and returns a dictionary based on the given ``items``.</doc>
<status status="PASS" start="2026-02-16T17:00:34.343902" elapsed="0.000000"/>
</kw>
<kw name="Create Restaurant" owner="keywords">
<kw name="POST On Session" owner="RequestsLibrary">
<msg time="2026-02-16T17:00:34.363493" level="INFO">POST Request : url=http://127.0.0.1:5000/api/v1/restaurants 
 path_url=/api/v1/restaurants 
 headers={'User-Agent': 'python-requests/2.32.5', 'Accept-Encoding': 'gzip, deflate', 'Accept': '*/*', 'Connection': 'keep-alive', 'Content-Length': '93', 'Content-Type': 'application/json'} 
 body=b'{"name": "FlowResto", "category": "Indian", "location": "Hyderabad", "contact": "9999999999"}' 
 </msg>
<msg time="2026-02-16T17:00:34.363493" level="INFO">POST Response : url=http://127.0.0.1:5000/api/v1/restaurants 
 status=201, reason=CREATED 
 headers={'Server': 'Werkzeug/3.1.5 Python/3.14.0', 'Date': 'Mon, 16 Feb 2026 11:30:34 GMT', 'Content-Type': 'application/json', 'Content-Length': '157', 'Connection': 'close'} 
 body={
  "approved": false,
  "category": "Indian",
  "contact": "9999999999",
  "disabled": false,
  "id": 3,
  "location": "Hyderabad",
  "name": "FlowResto"
}
 
 </msg>
<msg time="2026-02-16T17:00:34.363493" level="INFO">${response} = &lt;Response [201]&gt;</msg>
<var>${response}</var>
<arg>${SESSION}</arg>
<arg>/api/v1/restaurants</arg>
<arg>json=${payload}</arg>
<doc>Sends a POST request on a previously created HTTP Session.</doc>
<status status="PASS" start="2026-02-16T17:00:34.344899" elapsed="0.018594"/>
</kw>
<return>
<value>${response}</value>
<status status="PASS" start="2026-02-16T17:00:34.363493" elapsed="0.000000"/>
</return>
<msg time="2026-02-16T17:00:34.363493" level="INFO">${rest_response} = &lt;Response [201]&gt;</msg>
<var>${rest_response}</var>
<arg>${restaurant}</arg>
<status status="PASS" start="2026-02-16T17:00:34.344899" elapsed="0.018594"/>
</kw>
<kw name="Status Should Be" owner="RequestsLibrary">
<arg>201</arg>
<arg>${rest_response}</arg>
<doc>Fails if response status code is different than the expected.</doc>
<status status="PASS" start="2026-02-16T17:00:34.365023" elapsed="0.000000"/>
</kw>
<kw name="Set Variable" owner="BuiltIn">
<msg time="2026-02-16T17:00:34.365023" level="INFO">${rest_body} = {'approved': False, 'category': 'Indian', 'contact': '9999999999', 'disabled': False, 'id': 3, 'location': 'Hyderabad', 'name': 'FlowResto'}</msg>
<var>${rest_body}</var>
<arg>${rest_response.json()}</arg>
<doc>Returns the given values which can then be assigned to a variables.</doc>
<status status="PASS" start="2026-02-16T17:00:34.365023" elapsed="0.000000"/>
</kw>
<kw name="Get From Dictionary" owner="Collections">
<msg time="2026-02-16T17:00:34.366577" level="INFO">${rest_id} = 3</msg>
<var>${rest_id}</var>
<arg>${rest_body}</arg>
<arg>id</arg>
<doc>Returns a value from the given ``dictionary`` based on the given ``key``.</doc>
<status status="PASS" start="2026-02-16T17:00:34.366577" elapsed="0.000000"/>
</kw>
<kw name="Create Dictionary" owner="BuiltIn">
<msg time="2026-02-16T17:00:34.369087" level="INFO">${dish} = {'name': 'Biryani', 'type': 'Veg', 'price': '200', 'available_time': '12:00', 'image': 'b.jpg'}</msg>
<var>${dish}</var>
<arg>name=Biryani</arg>
<arg>type=Veg</arg>
<arg>price=200</arg>
<arg>available_time=12:00</arg>
<arg>image=b.jpg</arg>
<doc>Creates and returns a dictionary based on the given ``items``.</doc>
<status status="PASS" start="2026-02-16T17:00:34.367584" elapsed="0.001503"/>
</kw>
<kw name="Add Dish" owner="keywords">
<kw name="Set Variable" owner="BuiltIn">
<msg time="2026-02-16T17:00:34.371096" level="INFO">${endpoint} = /api/v1/restaurants/3/dishes</msg>
<var>${endpoint}</var>
<arg>/api/v1/restaurants/${restaurant_id}/dishes</arg>
<doc>Returns the given values which can then be assigned to a variables.</doc>
<status status="PASS" start="2026-02-16T17:00:34.370092" elapsed="0.001004"/>
</kw>
<kw name="POST On Session" owner="RequestsLibrary">
<msg time="2026-02-16T17:00:34.376613" level="INFO">POST Request : url=http://127.0.0.1:5000/api/v1/restaurants/3/dishes 
 path_url=/api/v1/restaurants/3/dishes 
 headers={'User-Agent': 'python-requests/2.32.5', 'Accept-Encoding': 'gzip, deflate', 'Accept': '*/*', 'Connection': 'keep-alive', 'Content-Length': '95', 'Content-Type': 'application/json'} 
 body=b'{"name": "Biryani", "type": "Veg", "price": "200", "available_time": "12:00", "image": "b.jpg"}' 
 </msg>
<msg time="2026-02-16T17:00:34.376613" level="INFO">POST Response : url=http://127.0.0.1:5000/api/v1/restaurants/3/dishes 
 status=201, reason=CREATED 
 headers={'Server': 'Werkzeug/3.1.5 Python/3.14.0', 'Date': 'Mon, 16 Feb 2026 11:30:34 GMT', 'Content-Type': 'application/json', 'Content-Length': '160', 'Connection': 'close'} 
 body={
  "available_time": "12:00",
  "enabled": true,
  "id": 3,
  "image": "b.jpg",
  "name": "Biryani",
  "price": "200",
  "restaurant_id": 3,
  "type": "Veg"
}
 
 </msg>
<msg time="2026-02-16T17:00:34.376613" level="INFO">${response} = &lt;Response [201]&gt;</msg>
<var>${response}</var>
<arg>${SESSION}</arg>
<arg>${endpoint}</arg>
<arg>json=${payload}</arg>
<doc>Sends a POST request on a previously created HTTP Session.</doc>
<status status="PASS" start="2026-02-16T17:00:34.371096" elapsed="0.005517"/>
</kw>
<return>
<value>${response}</value>
<status status="PASS" start="2026-02-16T17:00:34.376613" elapsed="0.000000"/>
</return>
<msg time="2026-02-16T17:00:34.376613" level="INFO">${dish_response} = &lt;Response [201]&gt;</msg>
<var>${dish_response}</var>
<arg>${rest_id}</arg>
<arg>${dish}</arg>
<status status="PASS" start="2026-02-16T17:00:34.369087" elapsed="0.007526"/>
</kw>
<kw name="Status Should Be" owner="RequestsLibrary">
<arg>201</arg>
<arg>${dish_response}</arg>
<doc>Fails if response status code is different than the expected.</doc>
<status status="PASS" start="2026-02-16T17:00:34.377629" elapsed="0.000994"/>
</kw>
<kw name="Set Variable" owner="BuiltIn">
<msg time="2026-02-16T17:00:34.379909" level="INFO">${dish_body} = {'available_time': '12:00', 'enabled': True, 'id': 3, 'image': 'b.jpg', 'name': 'Biryani', 'price': '200', 'restaurant_id': 3, 'type': 'Veg'}</msg>
<var>${dish_body}</var>
<arg>${dish_response.json()}</arg>
<doc>Returns the given values which can then be assigned to a variables.</doc>
<status status="PASS" start="2026-02-16T17:00:34.378623" elapsed="0.001286"/>
</kw>
<kw name="Get From Dictionary" owner="Collections">
<msg time="2026-02-16T17:00:34.380910" level="INFO">${dish_id} = 3</msg>
<var>${dish_id}</var>
<arg>${dish_body}</arg>
<arg>id</arg>
<doc>Returns a value from the given ``dictionary`` based on the given ``key``.</doc>
<status status="PASS" start="2026-02-16T17:00:34.380910" elapsed="0.000000"/>
</kw>
<kw name="Create Dictionary" owner="BuiltIn">
<msg time="2026-02-16T17:00:34.381909" level="INFO">${user} = {'name': 'FlowUser', 'email': 'flow@test.com', 'password': 'password123'}</msg>
<var>${user}</var>
<arg>name=FlowUser</arg>
<arg>email=flow@test.com</arg>
<arg>password=password123</arg>
<doc>Creates and returns a dictionary based on the given ``items``.</doc>
<status status="PASS" start="2026-02-16T17:00:34.381909" elapsed="0.000000"/>
</kw>
<kw name="Create User" owner="keywords">
<kw name="POST On Session" owner="RequestsLibrary">
<msg time="2026-02-16T17:00:34.387917" level="INFO">POST Request : url=http://127.0.0.1:5000/api/v1/users/register 
 path_url=/api/v1/users/register 
 headers={'User-Agent': 'python-requests/2.32.5', 'Accept-Encoding': 'gzip, deflate', 'Accept': '*/*', 'Connection': 'keep-alive', 'Content-Length': '73', 'Content-Type': 'application/json'} 
 body=b'{"name": "FlowUser", "email": "flow@test.com", "password": "password123"}' 
 </msg>
<msg time="2026-02-16T17:00:34.388918" level="INFO">POST Response : url=http://127.0.0.1:5000/api/v1/users/register 
 status=201, reason=CREATED 
 headers={'Server': 'Werkzeug/3.1.5 Python/3.14.0', 'Date': 'Mon, 16 Feb 2026 11:30:34 GMT', 'Content-Type': 'application/json', 'Content-Length': '93', 'Connection': 'close'} 
 body={
  "email": "flow@test.com",
  "id": 5,
  "name": "FlowUser",
  "password": "password123"
}
 
 </msg>
<msg time="2026-02-16T17:00:34.388918" level="INFO">${response} = &lt;Response [201]&gt;</msg>
<var>${response}</var>
<arg>${SESSION}</arg>
<arg>/api/v1/users/register</arg>
<arg>json=${payload}</arg>
<doc>Sends a POST request on a previously created HTTP Session.</doc>
<status status="PASS" start="2026-02-16T17:00:34.382921" elapsed="0.005997"/>
</kw>
<return>
<value>${response}</value>
<status status="PASS" start="2026-02-16T17:00:34.388918" elapsed="0.000000"/>
</return>
<msg time="2026-02-16T17:00:34.389917" level="INFO">${user_response} = &lt;Response [201]&gt;</msg>
<var>${user_response}</var>
<arg>${user}</arg>
<status status="PASS" start="2026-02-16T17:00:34.382921" elapsed="0.006996"/>
</kw>
<kw name="Status Should Be" owner="RequestsLibrary">
<arg>201</arg>
<arg>${user_response}</arg>
<doc>Fails if response status code is different than the expected.</doc>
<status status="PASS" start="2026-02-16T17:00:34.389917" elapsed="0.000999"/>
</kw>
<kw name="Set Variable" owner="BuiltIn">
<msg time="2026-02-16T17:00:34.392602" level="INFO">${user_body} = {'email': 'flow@test.com', 'id': 5, 'name': 'FlowUser', 'password': 'password123'}</msg>
<var>${user_body}</var>
<arg>${user_response.json()}</arg>
<doc>Returns the given values which can then be assigned to a variables.</doc>
<status status="PASS" start="2026-02-16T17:00:34.390916" elapsed="0.001686"/>
</kw>
<kw name="Get From Dictionary" owner="Collections">
<msg time="2026-02-16T17:00:34.392602" level="INFO">${user_id} = 5</msg>
<var>${user_id}</var>
<arg>${user_body}</arg>
<arg>id</arg>
<doc>Returns a value from the given ``dictionary`` based on the given ``key``.</doc>
<status status="PASS" start="2026-02-16T17:00:34.392602" elapsed="0.000000"/>
</kw>
<kw name="Create List" owner="BuiltIn">
<msg time="2026-02-16T17:00:34.394112" level="INFO">${dish_list} = [3]</msg>
<var>${dish_list}</var>
<arg>${dish_id}</arg>
<doc>Returns a list containing given items.</doc>
<status status="PASS" start="2026-02-16T17:00:34.394112" elapsed="0.000000"/>
</kw>
<kw name="Create Dictionary" owner="BuiltIn">
<msg time="2026-02-16T17:00:34.395120" level="INFO">${order_payload} = {'user_id': 5, 'restaurant_id': 3, 'dishes': [3]}</msg>
<var>${order_payload}</var>
<arg>user_id=${user_id}</arg>
<arg>restaurant_id=${rest_id}</arg>
<arg>dishes=${dish_list}</arg>
<doc>Creates and returns a dictionary based on the given ``items``.</doc>
<status status="PASS" start="2026-02-16T17:00:34.395120" elapsed="0.000000"/>
</kw>
<kw name="Place Order" owner="keywords">
<kw name="POST On Session" owner="RequestsLibrary">
<msg time="2026-02-16T17:00:34.401649" level="INFO">POST Request : url=http://127.0.0.1:5000/api/v1/orders 
 path_url=/api/v1/orders 
 headers={'User-Agent': 'python-requests/2.32.5', 'Accept-Encoding': 'gzip, deflate', 'Accept': '*/*', 'Connection': 'keep-alive', 'Content-Length': '49', 'Content-Type': 'application/json'} 
 body=b'{"user_id": 5, "restaurant_id": 3, "dishes": [3]}' 
 </msg>
<msg time="2026-02-16T17:00:34.401649" level="INFO">POST Response : url=http://127.0.0.1:5000/api/v1/orders 
 status=201, reason=CREATED 
 headers={'Server': 'Werkzeug/3.1.5 Python/3.14.0', 'Date': 'Mon, 16 Feb 2026 11:30:34 GMT', 'Content-Type': 'application/json', 'Content-Length': '77', 'Connection': 'close'} 
 body={
  "dishes": [
    3
  ],
  "id": 2,
  "restaurant_id": 3,
  "user_id": 5
}
 
 </msg>
<msg time="2026-02-16T17:00:34.401649" level="INFO">${response} = &lt;Response [201]&gt;</msg>
<var>${response}</var>
<arg>${SESSION}</arg>
<arg>/api/v1/orders</arg>
<arg>json=${payload}</arg>
<doc>Sends a POST request on a previously created HTTP Session.</doc>
<status status="PASS" start="2026-02-16T17:00:34.396627" elapsed="0.005022"/>
</kw>
<return>
<value>${response}</value>
<status status="PASS" start="2026-02-16T17:00:34.401649" elapsed="0.001007"/>
</return>
<msg time="2026-02-16T17:00:34.402656" level="INFO">${order_response} = &lt;Response [201]&gt;</msg>
<var>${order_response}</var>
<arg>${order_payload}</arg>
<status status="PASS" start="2026-02-16T17:00:34.396627" elapsed="0.006029"/>
</kw>
<kw name="Status Should Be" owner="RequestsLibrary">
<arg>201</arg>
<arg>${order_response}</arg>
<doc>Fails if response status code is different than the expected.</doc>
<status status="PASS" start="2026-02-16T17:00:34.402656" elapsed="0.001006"/>
</kw>
<status status="PASS" start="2026-02-16T17:00:34.342902" elapsed="0.060760"/>
</test>
<status status="PASS" start="2026-02-16T17:00:33.989927" elapsed="0.415736"/>
</suite>
<statistics>
<total>
<stat pass="1" fail="0" skip="0">All Tests</stat>
</total>
<tag>
</tag>
<suite>
<stat name="Order Tests" id="s1" pass="1" fail="0" skip="0">Order Tests</stat>
</suite>
</statistics>
<errors>
</errors>
</robot>
