<?xml version="1.0" encoding="UTF-8"?>
<robot generator="Robot 7.4.1 (Python 3.14.0 on win32)" generated="2026-01-31T00:34:17.356776" rpa="false" schemaversion="5">
<suite id="s1" name="TC OpenPage Title Screenshot" source="C:\Users\Admin\PycharmProjects\PythonProject\Lab\Day13\TC_OpenPage_Title_Screenshot.robot">
<kw name="Open Browser To Page" type="SETUP">
<kw name="Open Browser" owner="SeleniumLibrary">
<msg time="2026-01-31T00:34:18.049663" level="INFO">Opening browser 'chrome' to base url 'https://www.google.com'.</msg>
<arg>${URL}</arg>
<arg>${BROWSER}</arg>
<doc>Opens a new browser instance to the optional ``url``.</doc>
<status status="PASS" start="2026-01-31T00:34:18.049469" elapsed="3.783892"/>
</kw>
<kw name="Maximize Browser Window" owner="SeleniumLibrary">
<doc>Maximizes current browser window.</doc>
<status status="PASS" start="2026-01-31T00:34:21.833694" elapsed="0.068903"/>
</kw>
<kw name="Wait Until Page Contains Element" owner="SeleniumLibrary">
<arg>name=q</arg>
<arg>timeout=10s</arg>
<doc>Waits until the element ``locator`` appears on the current page.</doc>
<status status="PASS" start="2026-01-31T00:34:21.903111" elapsed="0.064185"/>
</kw>
<status status="PASS" start="2026-01-31T00:34:18.048183" elapsed="3.919296"/>
</kw>
<test id="s1-t1" name="Verify Page Title And Take Screenshot" line="21">
<kw name="Title Should Be" owner="SeleniumLibrary">
<msg time="2026-01-31T00:34:21.979152" level="INFO">Page title is 'Google'.</msg>
<arg>${EXPECTED_TITLE}</arg>
<doc>Verifies that the current page title equals ``title``.</doc>
<status status="PASS" start="2026-01-31T00:34:21.968399" elapsed="0.010947"/>
</kw>
<kw name="Capture Page Screenshot" owner="SeleniumLibrary">
<msg time="2026-01-31T00:34:22.170035" level="INFO" html="true">&lt;/td&gt;&lt;/tr&gt;&lt;tr&gt;&lt;td colspan="3"&gt;&lt;a href="selenium-screenshot-1.png"&gt;&lt;img src="selenium-screenshot-1.png" width="800px"&gt;&lt;/a&gt;</msg>
<doc>Takes a screenshot of the current page and embeds it into a log file.</doc>
<status status="PASS" start="2026-01-31T00:34:21.981073" elapsed="0.189179"/>
</kw>
<status status="PASS" start="2026-01-31T00:34:21.967606" elapsed="0.203276"/>
</test>
<kw name="Close Browser" owner="SeleniumLibrary" type="TEARDOWN">
<doc>Closes the current browser.</doc>
<status status="PASS" start="2026-01-31T00:34:22.172880" elapsed="2.174701"/>
</kw>
<status status="PASS" start="2026-01-31T00:34:17.357919" elapsed="6.989847"/>
</suite>
<statistics>
<total>
<stat pass="1" fail="0" skip="0">All Tests</stat>
</total>
<tag>
</tag>
<suite>
<stat name="TC OpenPage Title Screenshot" id="s1" pass="1" fail="0" skip="0">TC OpenPage Title Screenshot</stat>
</suite>
</statistics>
<errors>
</errors>
</robot>
